\BOOKMARK [1][-]{section.1}{\376\377\060\325\060\351\060\363\060\271\000R\000E\0002\0000\0002\0000\000\040\060\300\060\244\060\312\060\337\060\303\060\257\000L\000C\000A\212\277\147\373}{}% 1
\BOOKMARK [2][-]{subsection.1.1}{\376\377\060\326\060\355\060\303\060\257\000\050\0001\000\051\000\040\145\077\173\126\123\312\060\163\122\066\136\246\212\277\147\373\000\040\130\061\124\112\146\370\377\010\000v\0002\377\011}{section.1}% 2
\BOOKMARK [2][-]{subsection.1.2}{\376\377\060\250\060\260\060\274\060\257\060\306\060\243\060\326\060\265\060\336\060\352\060\374}{section.1}% 3
\BOOKMARK [2][-]{subsection.1.3}{\376\377\044\140\000\040\136\372\173\311\164\260\130\203\140\047\200\375\212\125\117\241\122\066\136\246\377\010\136\372\173\311\162\151\000L\000C\000A\377\011\060\156\121\150\117\123\151\313\220\040}{section.1}% 4
\BOOKMARK [3][-]{subsubsection.1.3.1}{\376\377\044\140\000-\060\242\000\040\000R\000E\0002\0000\0002\0000\060\153\060\112\060\121\060\213\136\372\173\311\162\151\000L\000C\000A\060\156\117\115\177\156\116\330\060\121}{subsection.1.3}% 5
\BOOKMARK [3][-]{subsubsection.1.3.2}{\376\377\044\140\000-\060\244\000\040\164\260\130\203\140\047\200\375\212\125\117\241\145\271\154\325\377\010\133\376\214\141\123\072\122\006\060\001\000I\000c\143\007\152\031\060\150\225\276\120\044\377\011}{subsection.1.3}% 6
\BOOKMARK [3][-]{subsubsection.1.3.3}{\376\377\044\140\000-\060\246\000\040\000L\000e\000v\000e\000l\000\050\000s\000\051\123\312\060\163\000E\000N\000\040\0001\0005\0009\0007\0008\060\150\060\156\225\242\117\302\140\047}{subsection.1.3}% 7
\BOOKMARK [3][-]{subsubsection.1.3.4}{\376\377\044\140\000-\060\250\000\040\060\265\060\374\060\255\060\345\060\351\060\374\060\250\060\263\060\316\060\337\060\374\145\275\173\126\377\010\000A\000G\000E\000C\154\325\173\111\377\011\060\150\060\156\225\242\117\302\140\047}{subsection.1.3}% 8
\BOOKMARK [2][-]{subsection.1.4}{\376\377\044\141\000\040\060\300\060\244\060\312\060\337\060\303\060\257\000L\000C\000A\060\156\211\201\116\366\145\164\164\006}{section.1}% 9
\BOOKMARK [3][-]{subsubsection.1.4.1}{\376\377\044\141\000-\060\242\000\040\133\376\214\141\136\372\173\311\162\151\060\156\172\056\122\045\060\373\173\304\126\362\060\150\153\265\226\216\220\151\165\050\377\010\0002\0000\0002\0002\000/\0002\0000\0002\0005\000/\0002\0000\0002\0008\000/\0002\0000\0003\0001\377\011}{subsection.1.4}% 10
\BOOKMARK [3][-]{subsubsection.1.4.2}{\376\377\044\141\000-\060\244\000\040\220\105\136\366\143\222\121\372\060\156\212\125\117\241\150\071\142\340}{subsection.1.4}% 11
\BOOKMARK [3][-]{subsubsection.1.4.3}{\376\377\044\141\000-\060\246\000\040\124\004\172\056\060\321\060\351\060\341\060\374\060\277\121\205\133\271\377\010\122\162\137\025\117\302\145\160\173\111\377\011}{subsection.1.4}% 12
\BOOKMARK [2][-]{subsection.1.5}{\376\377\044\142\000\040\165\037\162\151\165\061\147\145\160\255\175\040\123\312\060\163\160\255\175\040\214\257\205\065\212\125\117\241\060\156\122\066\136\246\166\204\117\115\177\156\116\330\060\121}{section.1}% 13
\BOOKMARK [3][-]{subsubsection.1.5.1}{\376\377\044\142\000-\060\242\000\040\214\257\205\065\221\317\173\227\133\232\145\271\154\325}{subsection.1.5}% 14
\BOOKMARK [3][-]{subsubsection.1.5.2}{\376\377\044\142\000-\060\244\000\040\212\125\117\241\147\037\225\223\377\010\0005\0000\136\164\377\011\060\156\212\055\133\232\150\071\142\340}{subsection.1.5}% 15
\BOOKMARK [3][-]{subsubsection.1.5.3}{\376\377\044\142\000-\060\246\000\040\211\343\117\123\123\312\060\163\121\215\122\051\165\050\060\147\060\156\143\222\121\372\142\161\060\104\377\010\060\342\060\270\060\345\060\374\060\353\000C\060\373\000D\377\011}{subsection.1.5}% 16
\BOOKMARK [2][-]{subsection.1.6}{\376\377\044\143\000\040\122\066\136\246\134\016\121\145\060\156\200\314\146\157\060\112\060\210\060\163\151\034\212\016\060\327\060\355\060\273\060\271\060\156\145\164\164\006}{section.1}% 17
\BOOKMARK [3][-]{subsubsection.1.6.1}{\376\377\044\143\000-\060\242\000\040\122\035\147\037\151\034\212\016\377\010\000E\000+\000C\000-\133\237\232\023\173\111\377\011\060\113\060\211\134\016\121\145\060\153\201\363\060\143\060\137\175\114\175\357}{subsection.1.6}% 18
\BOOKMARK [3][-]{subsubsection.1.6.2}{\376\377\044\143\000-\060\244\000\040\142\100\173\241\167\001\136\201\060\373\131\026\220\355\175\104\176\124\060\150\225\242\220\043\060\131\060\213\126\375\133\266\142\046\165\145}{subsection.1.6}% 19
\BOOKMARK [3][-]{subsubsection.1.6.3}{\376\377\044\143\000-\060\246\000\040\166\356\166\204\060\150\162\331\060\104\060\001\212\262\230\114\212\215\213\130}{subsection.1.6}% 20
\BOOKMARK [3][-]{subsubsection.1.6.4}{\376\377\044\143\000-\060\250\000\040\060\325\060\351\060\363\060\271\060\156\147\227\151\155\147\050\147\120\122\051\165\050\142\046\165\145\060\150\060\156\225\242\117\302\140\047}{subsection.1.6}% 21
\BOOKMARK [2][-]{subsection.1.7}{\376\377\044\144\000\040\145\345\147\054\060\156\122\066\136\246\151\034\212\016\060\170\060\156\171\072\125\006\377\010\174\041\157\124\377\011}{section.1}% 22
\BOOKMARK [2][-]{subsection.1.8}{\376\377\116\073\211\201\121\372\121\170\116\000\211\247}{section.1}% 23
