This is LuaHBTeX, Version 1.14.0 (TeX Live 2022/dev/Debian)  (format=lualatex 2026.6.4)  15 JUN 2026 03:15
 restricted system commands enabled.
**ブロック1_政策制度調査_v2.tex
(./ブロック1_政策制度調査_v2.tex
LaTeX2e <2021-11-15> patch level 1
[\directlua]:1: module 'luaotfload-main' not found:
	no field package.preload['luaotfload-main']
	[kpse lua searcher] file not found: 'luaotfload-main'
Error in luaotfload: reverting to OT1 L3 programming layer <2022-01-21>
Inserting `tracingstacklevels' at position 1 in `input_level_string'.

! LaTeX Error: File `ltjsarticle.cls' not found.

Type X to quit or <RETURN> to proceed,
or enter new name. (Default extension: cls)

Enter file name: 
! Emergency stop.
<read *> 
   
l.4 \usepackage
             {luatexja-fontspec}

Here is how much of LuaTeX's memory you used:
 26 strings out of 477805
 100000,383344 words of node,token memory allocated
 275 words of node memory still in use:
   1 hlist, 1 dir, 39 glue_spec nodes
   avail lists: 2:12,3:3,4:1
 20840 multiletter control sequences out of 65536+600000
 14 fonts using 591679 bytes
 19i,0n,29p,153b,17s stack positions out of 5000i,500n,10000p,200000b,80000s
!  ==> Fatal error occurred, no output PDF file produced!
